{"/Users/driera/WAM/frontend-testing-suite/app/scripts/inits/fizz-buzz.js": {"path":"/Users/driera/WAM/frontend-testing-suite/app/scripts/inits/fizz-buzz.js","statementMap":{"0":{"start":{"line":2,"column":18},"end":{"line":null,"column":-1}},"1":{"start":{"line":3,"column":8},"end":{"line":null,"column":-1}},"2":{"start":{"line":4,"column":8},"end":{"line":null,"column":-1}},"3":{"start":{"line":8,"column":8},"end":{"line":10,"column":9}},"4":{"start":{"line":9,"column":12},"end":{"line":null,"column":-1}},"5":{"start":{"line":12,"column":8},"end":{"line":14,"column":9}},"6":{"start":{"line":13,"column":12},"end":{"line":null,"column":-1}},"7":{"start":{"line":16,"column":8},"end":{"line":18,"column":9}},"8":{"start":{"line":17,"column":12},"end":{"line":null,"column":-1}},"9":{"start":{"line":20,"column":8},"end":{"line":null,"column":-1}},"10":{"start":{"line":24,"column":8},"end":{"line":null,"column":-1}},"11":{"start":{"line":28,"column":8},"end":{"line":null,"column":-1}}},"fnMap":{"0":{"name":"FizzBuzz","decl":{"start":{"line":2,"column":4},"end":{"line":2,"column":17}},"loc":{"start":{"line":2,"column":18},"end":{"line":5,"column":5}}}},"branchMap":{"0":{"loc":{"start":{"line":8,"column":8},"end":{"line":10,"column":9}},"type":"if","locations":[{"start":{"line":8,"column":8},"end":{"line":10,"column":9}},{"start":{"line":8,"column":8},"end":{"line":10,"column":9}}]},"1":{"loc":{"start":{"line":8,"column":12},"end":{"line":8,"column":35}},"type":"binary-expr","locations":[{"start":{"line":8,"column":12},"end":{"line":8,"column":35}},{"start":{"line":8,"column":36},"end":{"line":8,"column":8}}]},"2":{"loc":{"start":{"line":12,"column":8},"end":{"line":14,"column":9}},"type":"if","locations":[{"start":{"line":12,"column":8},"end":{"line":14,"column":9}},{"start":{"line":12,"column":8},"end":{"line":14,"column":9}}]},"3":{"loc":{"start":{"line":16,"column":8},"end":{"line":18,"column":9}},"type":"if","locations":[{"start":{"line":16,"column":8},"end":{"line":18,"column":9}},{"start":{"line":16,"column":8},"end":{"line":18,"column":9}}]}},"s":{"0":0,"1":0,"2":0,"3":0,"4":0,"5":0,"6":0,"7":0,"8":0,"9":0,"10":0,"11":0},"f":{"0":0},"b":{"0":[0,0],"1":[0,0],"2":[0,0],"3":[0,0]}}
,"/Users/driera/WAM/frontend-testing-suite/app/scripts/inits/sum.js": {"path":"/Users/driera/WAM/frontend-testing-suite/app/scripts/inits/sum.js","statementMap":{"0":{"start":{"line":2,"column":2},"end":{"line":null,"column":-1}},"1":{"start":{"line":6,"column":2},"end":{"line":null,"column":-1}},"2":{"start":{"line":9,"column":0},"end":{"line":null,"column":-1}}},"fnMap":{"0":{"name":"product","decl":{"start":{"line":1,"column":9},"end":{"line":1,"column":0}},"loc":{"start":{"line":1,"column":23},"end":{"line":3,"column":1}}},"1":{"name":"sum","decl":{"start":{"line":5,"column":9},"end":{"line":5,"column":0}},"loc":{"start":{"line":5,"column":19},"end":{"line":7,"column":1}}}},"branchMap":{},"s":{"0":0,"1":0,"2":0},"f":{"0":0,"1":0},"b":{}}
,"/Users/driera/WAM/frontend-testing-suite/app/scripts/inits/traffic-light.js": {"path":"/Users/driera/WAM/frontend-testing-suite/app/scripts/inits/traffic-light.js","statementMap":{"0":{"start":{"line":2,"column":4},"end":{"line":4,"column":5}},"1":{"start":{"line":3,"column":8},"end":{"line":null,"column":-1}},"2":{"start":{"line":6,"column":4},"end":{"line":8,"column":5}},"3":{"start":{"line":7,"column":8},"end":{"line":null,"column":-1}},"4":{"start":{"line":10,"column":4},"end":{"line":null,"column":-1}},"5":{"start":{"line":13,"column":0},"end":{"line":null,"column":-1}}},"fnMap":{"0":{"name":"updateLight","decl":{"start":{"line":1,"column":9},"end":{"line":1,"column":0}},"loc":{"start":{"line":1,"column":28},"end":{"line":11,"column":1}}}},"branchMap":{"0":{"loc":{"start":{"line":2,"column":4},"end":{"line":4,"column":5}},"type":"if","locations":[{"start":{"line":2,"column":4},"end":{"line":4,"column":5}},{"start":{"line":2,"column":4},"end":{"line":4,"column":5}}]},"1":{"loc":{"start":{"line":6,"column":4},"end":{"line":8,"column":5}},"type":"if","locations":[{"start":{"line":6,"column":4},"end":{"line":8,"column":5}},{"start":{"line":6,"column":4},"end":{"line":8,"column":5}}]}},"s":{"0":0,"1":0,"2":0,"3":0,"4":0,"5":0},"f":{"0":0},"b":{"0":[0,0],"1":[0,0]}}
,"/Users/driera/WAM/frontend-testing-suite/app/scripts/inits/vue-test.js": {"path":"/Users/driera/WAM/frontend-testing-suite/app/scripts/inits/vue-test.js","statementMap":{"0":{"start":{"line":3,"column":12},"end":{"line":3,"column":0}},"1":{"start":{"line":7,"column":18},"end":{"line":7,"column":4}},"2":{"start":{"line":9,"column":4},"end":{"line":null,"column":-1}}},"fnMap":{"0":{"name":"vueTest","decl":{"start":{"line":5,"column":9},"end":{"line":5,"column":0}},"loc":{"start":{"line":5,"column":19},"end":{"line":15,"column":1}}}},"branchMap":{},"s":{"0":0,"1":0,"2":0},"f":{"0":0},"b":{}}
}
