TN:
SF:/Users/driera/WAM/frontend-testing-suite/app/scripts/inits/fizz-buzz.js
FN:2,FizzBuzz
FNF:1
FNH:0
FNDA:0,FizzBuzz
DA:2,0
DA:3,0
DA:4,0
DA:8,0
DA:9,0
DA:12,0
DA:13,0
DA:16,0
DA:17,0
DA:20,0
DA:24,0
DA:28,0
LF:12
LH:0
BRDA:8,0,0,0
BRDA:8,0,1,0
BRDA:8,1,0,0
BRDA:8,1,1,0
BRDA:12,2,0,0
BRDA:12,2,1,0
BRDA:16,3,0,0
BRDA:16,3,1,0
BRF:8
BRH:0
end_of_record
TN:
SF:/Users/driera/WAM/frontend-testing-suite/app/scripts/inits/sum.js
FN:1,product
FN:5,sum
FNF:2
FNH:0
FNDA:0,product
FNDA:0,sum
DA:2,0
DA:6,0
DA:9,0
LF:3
LH:0
BRF:0
BRH:0
end_of_record
TN:
SF:/Users/driera/WAM/frontend-testing-suite/app/scripts/inits/traffic-light.js
FN:1,updateLight
FNF:1
FNH:0
FNDA:0,updateLight
DA:2,0
DA:3,0
DA:6,0
DA:7,0
DA:10,0
DA:13,0
LF:6
LH:0
BRDA:2,0,0,0
BRDA:2,0,1,0
BRDA:6,1,0,0
BRDA:6,1,1,0
BRF:4
BRH:0
end_of_record
TN:
SF:/Users/driera/WAM/frontend-testing-suite/app/scripts/inits/vue-test.js
FN:5,vueTest
FNF:1
FNH:0
FNDA:0,vueTest
DA:3,0
DA:7,0
DA:9,0
LF:3
LH:0
BRF:0
BRH:0
end_of_record
